<?xml version="1.0" encoding="UTF-8"?>
<testsuite xmlns:xsi="http://www.w3.org/2001/XMLSchema-instance" xsi:noNamespaceSchemaLocation="https://maven.apache.org/surefire/maven-surefire-plugin/xsd/surefire-test-report.xsd" name="orders.OrdersAcceptTest" time="17.372" tests="6" errors="0" skipped="0" failures="1">
  <properties>
[...]
</properties>
  <testcase name="shouldNotAcceptOrderWithoutCourierId" classname="orders.OrdersAcceptTest" time="3.301"/>
  <testcase name="shouldNotAcceptOrderWithoutOrderId" classname="orders.OrdersAcceptTest" time="3.046">
    <failure message="1 expectation failed.&#10;Expected status code &lt;400&gt; but was &lt;404&gt;.&#10;" type="java.lang.AssertionError"><![CDATA[java.lang.AssertionError: 
1 expectation failed.
Expected status code <400> but was <404>.

	at orders.OrdersAcceptTest.shouldNotAcceptOrderWithoutOrderId(OrdersAcceptTest.java:67)
]]></failure>
    <system-out><![CDATA[Request method:	POST
Request URI:	http://qa-scooter.praktikum-services.ru/api/v1/orders
Proxy:			<none>
Request params:	<none>
Query params:	<none>
Form params:	<none>
Path params:	<none>
Headers:		Accept=*/*
				Content-Type=application/json
Cookies:		<none>
Multiparts:		<none>
Body:
{
    "firstName": "ДГОащББдШ",
    "lastName": "ЯющдЬгйжёНбЗИщДСжЖЙькТЛЫм",
    "address": "УпЫ9У4ЪДЮЙФТэП1тцвгВ3М9Аё4",
    "metroStation": 6,
    "phone": "813682424150",
    "rentTime": 3,
    "deliveryDate": "2023-05-20",
    "comment": "ТщАВжэ6ФщёЩи0хИы"
}
{
    "track": 315129
}
HTTP/1.1 201 Created
Access-Control-Allow-Origin: *
Content-Length: 16
Content-Type: application/json; charset=utf-8
Date: Fri, 21 Oct 2022 17:10:00 GMT
ETag: W/"10-SKiTigC1BClmyZmH1doB06bAUDE"
Set-Cookie: _yasc=kunk8H8z3kfKFEpWnFhSZaTKbavphTDgyZWfEpowoUXIPbL3blXAzxNoxUXu; domain=.praktikum-services.ru; path=/; expires=Mon, 18-Oct-2032 17:10:00 GMT; secure
X-Powered-By: Express
X-Request-Id: 1666372200434501-15676071128611400228

{
    "track": 315129
}
Request method:	GET
Request URI:	http://qa-scooter.praktikum-services.ru/api/v1/orders/track?t=315129
Proxy:			<none>
Request params:	<none>
Query params:	t=315129
Form params:	<none>
Path params:	<none>
Headers:		Accept=*/*
				Content-Type=application/json
Cookies:		<none>
Multiparts:		<none>
Body:			<none>
{
    "order": {
        "id": 100476,
        "firstName": "ДГОащББдШ",
        "lastName": "ЯющдЬгйжёНбЗИщДСжЖЙькТЛЫм",
        "address": "УпЫ9У4ЪДЮЙФТэП1тцвгВ3М9Аё4",
        "metroStation": "6",
        "phone": "813682424150",
        "rentTime": 3,
        "deliveryDate": "2023-05-20T00:00:00.000Z",
        "track": 315129,
        "color": null,
        "comment": "ТщАВжэ6ФщёЩи0хИы",
        "cancelled": false,
        "finished": false,
        "inDelivery": false,
        "createdAt": "2022-10-21T17:10:00.490Z",
        "updatedAt": "2022-10-21T17:10:00.490Z",
        "status": 0
    }
}
HTTP/1.1 200 OK
Access-Control-Allow-Origin: *
Date: Fri, 21 Oct 2022 17:10:00 GMT
ETag: W/"1ea-UU/B10P4xBEgBddf3tSrM3Wrhr8"
Set-Cookie: _yasc=Hecn1d235rEdjGLIEjSRcV7kjWngmBK4+MQ7f3h3dYTzMgsI+JC9fcETDYHg; domain=.praktikum-services.ru; path=/; expires=Mon, 18-Oct-2032 17:10:00 GMT; secure
X-Powered-By: Express
X-Request-Id: 1666372200733906-5322292427752859151
Content-Type: application/json;charset=utf-8
Content-Length: 490

{
    "order": {
        "id": 100476,
        "firstName": "ДГОащББдШ",
        "lastName": "ЯющдЬгйжёНбЗИщДСжЖЙькТЛЫм",
        "address": "УпЫ9У4ЪДЮЙФТэП1тцвгВ3М9Аё4",
        "metroStation": "6",
        "phone": "813682424150",
        "rentTime": 3,
        "deliveryDate": "2023-05-20T00:00:00.000Z",
        "track": 315129,
        "color": null,
        "comment": "ТщАВжэ6ФщёЩи0хИы",
        "cancelled": false,
        "finished": false,
        "inDelivery": false,
        "createdAt": "2022-10-21T17:10:00.490Z",
        "updatedAt": "2022-10-21T17:10:00.490Z",
        "status": 0
    }
}
Request method:	POST
Request URI:	http://qa-scooter.praktikum-services.ru/api/v1/courier
Proxy:			<none>
Request params:	<none>
Query params:	<none>
Form params:	<none>
Path params:	<none>
Headers:		Accept=*/*
				Content-Type=application/json
Cookies:		<none>
Multiparts:		<none>
Body:
{
    "login": "WYQ9ObCnzz2E",
    "password": "password1234",
    "firstName": "АэёЬэНВцНзйБЦЬхрВ"
}
{
    "ok": true
}
HTTP/1.1 201 Created
Access-Control-Allow-Origin: *
Content-Length: 11
Content-Type: application/json; charset=utf-8
Date: Fri, 21 Oct 2022 17:10:01 GMT
ETag: W/"b-Ai2R8hgEarLmHKwesT1qcY913ys"
Set-Cookie: _yasc=jxNm8xUGkEIhB2zkRXMnzIT4fHE7OBzZeBl5MLhqrWjyPCuW39KQKlR//qMC; domain=.praktikum-services.ru; path=/; expires=Mon, 18-Oct-2032 17:10:01 GMT; secure
X-Powered-By: Express
X-Request-Id: 1666372201188520-16223976270343000790

{
    "ok": true
}
Request method:	POST
Request URI:	http://qa-scooter.praktikum-services.ru/api/v1/courier/login
Proxy:			<none>
Request params:	<none>
Query params:	<none>
Form params:	<none>
Path params:	<none>
Headers:		Accept=*/*
				Content-Type=application/json
Cookies:		<none>
Multiparts:		<none>
Body:
{
    "login": "WYQ9ObCnzz2E",
    "password": "password1234"
}
{
    "id": 116477
}
HTTP/1.1 200 OK
Access-Control-Allow-Origin: *
Content-Length: 13
Content-Type: application/json; charset=utf-8
Date: Fri, 21 Oct 2022 17:10:01 GMT
ETag: W/"d-1qlqozj50OpjMmNLFl2XQp0gphQ"
Set-Cookie: _yasc=DS/lnj04+hBESFkHbh2fBx8elKVLPvPVTmSUneCS4dWRIdCeJ2Ny9ofbbMw3; domain=.praktikum-services.ru; path=/; expires=Mon, 18-Oct-2032 17:10:01 GMT; secure
X-Powered-By: Express
X-Request-Id: 1666372201484355-9772461704534472615

{
    "id": 116477
}
Request method:	POST
Request URI:	http://qa-scooter.praktikum-services.ru/api/v1/courier/login
Proxy:			<none>
Request params:	<none>
Query params:	<none>
Form params:	<none>
Path params:	<none>
Headers:		Accept=*/*
				Content-Type=application/json
Cookies:		<none>
Multiparts:		<none>
Body:
{
    "login": "WYQ9ObCnzz2E",
    "password": "password1234"
}
{
    "id": 116477
}
HTTP/1.1 200 OK
Access-Control-Allow-Origin: *
Content-Length: 13
Content-Type: application/json; charset=utf-8
Date: Fri, 21 Oct 2022 17:10:01 GMT
ETag: W/"d-1qlqozj50OpjMmNLFl2XQp0gphQ"
Set-Cookie: _yasc=QMgs2sFMW8/5OB3ha2YC560gZyDRX01CYGy5X7zDQnOapdEJDmiSJt3sXO8=; domain=.praktikum-services.ru; path=/; expires=Mon, 18-Oct-2032 17:10:01 GMT; secure
X-Powered-By: Express
X-Request-Id: 1666372201796609-9243760147201367807

{
    "id": 116477
}
Request method:	PUT
Request URI:	http://qa-scooter.praktikum-services.ru/api/v1/orders/accept?courierId=116477
Proxy:			<none>
Request params:	<none>
Query params:	courierId=116477
Form params:	<none>
Path params:	<none>
Headers:		Accept=*/*
				Content-Type=application/json
Cookies:		<none>
Multiparts:		<none>
Body:			<none>
{
    "code": 404,
    "message": "Not Found."
}
HTTP/1.1 404 Not Found
Access-Control-Allow-Origin: *
Content-Length: 35
Content-Type: application/json; charset=utf-8
Date: Fri, 21 Oct 2022 17:10:02 GMT
ETag: W/"23-Yvz185z7FSkcImycPnr136En0mc"
Set-Cookie: _yasc=e2dgXWHXTVIYXmemVWL/85DFxzysKAoD3Yhr8ptfLcFk9iqu+tiGrvuTqrA=; domain=.praktikum-services.ru; path=/; expires=Mon, 18-Oct-2032 17:10:02 GMT; secure
X-Powered-By: Express
X-Request-Id: 1666372202225183-4714393382929804553

{
    "code": 404,
    "message": "Not Found."
}
Request method:	PUT
Request URI:	http://qa-scooter.praktikum-services.ru/api/v1/orders/finish/100476
Proxy:			<none>
Request params:	<none>
Query params:	<none>
Form params:	<none>
Path params:	id=100476
Headers:		Accept=*/*
				Content-Type=application/json
Cookies:		<none>
Multiparts:		<none>
Body:			<none>
{
    "code": 409,
    "message": "Этот заказ нельзя завершить"
}
HTTP/1.1 409 Conflict
Access-Control-Allow-Origin: *
Content-Length: 76
Content-Type: application/json; charset=utf-8
Date: Fri, 21 Oct 2022 17:10:02 GMT
ETag: W/"4c-PpITYxSj65P3fhwNSmDh8Mg68OA"
Set-Cookie: _yasc=pm3wSScbdK2sAualZqgkMIIqNHj1GflOETcc0wAChbHh6bCkq95HPpVo1i1L; domain=.praktikum-services.ru; path=/; expires=Mon, 18-Oct-2032 17:10:02 GMT; secure
X-Powered-By: Express
X-Request-Id: 1666372202530731-2695649554363396323

{
    "code": 409,
    "message": "Этот заказ нельзя завершить"
}
Request method:	DELETE
Request URI:	http://qa-scooter.praktikum-services.ru/api/v1/courier/116477
Proxy:			<none>
Request params:	<none>
Query params:	<none>
Form params:	<none>
Path params:	id=116477
Headers:		Accept=*/*
				Content-Type=application/json
Cookies:		<none>
Multiparts:		<none>
Body:
{
    "id": "116477"
}
{
    "ok": true
}
HTTP/1.1 200 OK
Access-Control-Allow-Origin: *
Content-Length: 11
Content-Type: application/json; charset=utf-8
Date: Fri, 21 Oct 2022 17:10:02 GMT
ETag: W/"b-Ai2R8hgEarLmHKwesT1qcY913ys"
Set-Cookie: _yasc=5mL7WTiecIvTQTBqbOBr8u7wcnw5q9s3MO/rHvBRGwYPTkXz5wAI8KhxrJ9I; domain=.praktikum-services.ru; path=/; expires=Mon, 18-Oct-2032 17:10:02 GMT; secure
X-Powered-By: Express
X-Request-Id: 1666372202878524-15196475833999590024

{
    "ok": true
}
]]></system-out>
  </testcase>
  <testcase name="shouldNotAcceptOrderWithInvalidCourierId" classname="orders.OrdersAcceptTest" time="2.516"/>
  <testcase name="shouldNotAcceptOrderWithInvalidOrderId" classname="orders.OrdersAcceptTest" time="2.525"/>
  <testcase name="shouldAcceptOrder" classname="orders.OrdersAcceptTest" time="3.172"/>
  <testcase name="shouldNotAcceptAcceptedOrder" classname="orders.OrdersAcceptTest" time="2.801"/>
</testsuite>