<?xml version="1.0" encoding="UTF-8"?>
<testsuite xmlns:xsi="http://www.w3.org/2001/XMLSchema-instance" xsi:noNamespaceSchemaLocation="https://maven.apache.org/surefire/maven-surefire-plugin/xsd/surefire-test-report.xsd" name="courier.CourierDeleteTest" time="6.762" tests="4" errors="0" skipped="0" failures="1">
  <properties>
[...]
</properties>
  <testcase name="shouldNotDeleteWithoutBodyId" classname="courier.CourierDeleteTest" time="1.574"/>
  <testcase name="shouldDeleteExistingCourier" classname="courier.CourierDeleteTest" time="1.565"/>
  <testcase name="shouldNotDeleteWithoutId" classname="courier.CourierDeleteTest" time="1.666">
    <failure message="1 expectation failed.&#10;Expected status code &lt;400&gt; but was &lt;404&gt;.&#10;" type="java.lang.AssertionError"><![CDATA[java.lang.AssertionError: 
1 expectation failed.
Expected status code <400> but was <404>.

	at courier.CourierDeleteTest.shouldNotDeleteWithoutId(CourierDeleteTest.java:65)
]]></failure>
    <system-out><![CDATA[Request method:	POST
Request URI:	http://qa-scooter.praktikum-services.ru/api/v1/courier
Proxy:			<none>
Request params:	<none>
Query params:	<none>
Form params:	<none>
Path params:	<none>
Headers:		Accept=*/*
				Content-Type=application/json
Cookies:		<none>
Multiparts:		<none>
Body:
{
    "login": "G2fM3sGKfcQg",
    "password": "password1234",
    "firstName": "РныьНюсЛБшххТЪПЧмЁ"
}
{
    "ok": true
}
HTTP/1.1 201 Created
Access-Control-Allow-Origin: *
Content-Length: 11
Content-Type: application/json; charset=utf-8
Date: Fri, 21 Oct 2022 17:09:28 GMT
ETag: W/"b-Ai2R8hgEarLmHKwesT1qcY913ys"
Set-Cookie: _yasc=Q/D/LwK/BDYmdMVNrYjUB049T5TCJPfUIhKll5sARpj/g88Zx38wFX00keQ=; domain=.praktikum-services.ru; path=/; expires=Mon, 18-Oct-2032 17:09:28 GMT; secure
X-Powered-By: Express
X-Request-Id: 1666372168820818-17843407699166746277

{
    "ok": true
}
Request method:	POST
Request URI:	http://qa-scooter.praktikum-services.ru/api/v1/courier/login
Proxy:			<none>
Request params:	<none>
Query params:	<none>
Form params:	<none>
Path params:	<none>
Headers:		Accept=*/*
				Content-Type=application/json
Cookies:		<none>
Multiparts:		<none>
Body:
{
    "login": "G2fM3sGKfcQg",
    "password": "password1234"
}
{
    "id": 116474
}
HTTP/1.1 200 OK
Access-Control-Allow-Origin: *
Content-Length: 13
Content-Type: application/json; charset=utf-8
Date: Fri, 21 Oct 2022 17:09:29 GMT
ETag: W/"d-6TyynxqRhfzzM5lbNzmrv8/p+YY"
Set-Cookie: _yasc=sBsr8idXE2eQrmi2HpGrF7f8Es+3YrAvogOeSLxBrcx5jqfSor+Q6/cK1QQ=; domain=.praktikum-services.ru; path=/; expires=Mon, 18-Oct-2032 17:09:29 GMT; secure
X-Powered-By: Express
X-Request-Id: 1666372169241151-6263915288182859424

{
    "id": 116474
}
Request method:	POST
Request URI:	http://qa-scooter.praktikum-services.ru/api/v1/courier/login
Proxy:			<none>
Request params:	<none>
Query params:	<none>
Form params:	<none>
Path params:	<none>
Headers:		Accept=*/*
				Content-Type=application/json
Cookies:		<none>
Multiparts:		<none>
Body:
{
    "login": "G2fM3sGKfcQg",
    "password": "password1234"
}
{
    "id": 116474
}
HTTP/1.1 200 OK
Access-Control-Allow-Origin: *
Content-Length: 13
Content-Type: application/json; charset=utf-8
Date: Fri, 21 Oct 2022 17:09:29 GMT
ETag: W/"d-6TyynxqRhfzzM5lbNzmrv8/p+YY"
Set-Cookie: _yasc=2lDfe/pZgErAjOrwd3HoOnXge7BzgR3XFf3m6KJVV0xEYGsKVSPUWfaLCtU=; domain=.praktikum-services.ru; path=/; expires=Mon, 18-Oct-2032 17:09:29 GMT; secure
X-Powered-By: Express
X-Request-Id: 1666372169579186-16180559423775832715

{
    "id": 116474
}
Request method:	DELETE
Request URI:	http://qa-scooter.praktikum-services.ru/api/v1/courier
Proxy:			<none>
Request params:	<none>
Query params:	<none>
Form params:	<none>
Path params:	<none>
Headers:		Accept=*/*
				Content-Type=application/json
Cookies:		<none>
Multiparts:		<none>
Body:
{
    "id": "116474"
}
{
    "code": 404,
    "message": "Not Found."
}
HTTP/1.1 404 Not Found
Access-Control-Allow-Origin: *
Content-Length: 35
Content-Type: application/json; charset=utf-8
Date: Fri, 21 Oct 2022 17:09:29 GMT
ETag: W/"23-Yvz185z7FSkcImycPnr136En0mc"
Set-Cookie: _yasc=cQpHtbNxHV5HD8YKz25uek1v+fH625NlqSUjvuMyWTJJ7qKOqC3xVist/VU=; domain=.praktikum-services.ru; path=/; expires=Mon, 18-Oct-2032 17:09:29 GMT; secure
X-Powered-By: Express
X-Request-Id: 1666372169878621-12737714165077819501

{
    "code": 404,
    "message": "Not Found."
}
Request method:	DELETE
Request URI:	http://qa-scooter.praktikum-services.ru/api/v1/courier/116474
Proxy:			<none>
Request params:	<none>
Query params:	<none>
Form params:	<none>
Path params:	id=116474
Headers:		Accept=*/*
				Content-Type=application/json
Cookies:		<none>
Multiparts:		<none>
Body:
{
    "id": "116474"
}
{
    "ok": true
}
HTTP/1.1 200 OK
Access-Control-Allow-Origin: *
Content-Length: 11
Content-Type: application/json; charset=utf-8
Date: Fri, 21 Oct 2022 17:09:30 GMT
ETag: W/"b-Ai2R8hgEarLmHKwesT1qcY913ys"
Set-Cookie: _yasc=4xjcQyd3bajwLXDkdmLI7SrhjmlnXroToclWAkBBbdSl/sn0+6GGgjlZJ2u+; domain=.praktikum-services.ru; path=/; expires=Mon, 18-Oct-2032 17:09:30 GMT; secure
X-Powered-By: Express
X-Request-Id: 1666372170155632-8261112915491717665

{
    "ok": true
}
]]></system-out>
  </testcase>
  <testcase name="shouldNotDeleteDeletedCourier" classname="courier.CourierDeleteTest" time="1.948"/>
</testsuite>